{
  "meta": {
    "version": "6.4.1",
    "timestamp": "2023-01-09T16:08:50.936148",
    "branch_coverage": true,
    "show_contexts": false
  },
  "files": {
    "main.py": {
      "executed_lines": [
        1,
        2,
        4,
        5,
        13
      ],
      "summary": {
        "covered_lines": 5,
        "num_statements": 10,
        "percent_covered": 37.5,
        "percent_covered_display": "38",
        "missing_lines": 5,
        "excluded_lines": 0,
        "num_branches": 6,
        "num_partial_branches": 1,
        "covered_branches": 1,
        "missing_branches": 5
      },
      "missing_lines": [
        6,
        7,
        8,
        9,
        11
      ],
      "excluded_lines": []
    },
    "test.py": {
      "executed_lines": [
        1,
        2,
        3,
        5,
        8,
        9,
        11,
        12,
        14,
        15,
        18,
        19,
        21,
        22,
        24,
        25,
        28,
        29,
        30,
        32,
        33,
        36,
        38,
        40,
        43
      ],
      "summary": {
        "covered_lines": 25,
        "num_statements": 26,
        "percent_covered": 93.33333333333333,
        "percent_covered_display": "93",
        "missing_lines": 1,
        "excluded_lines": 0,
        "num_branches": 4,
        "num_partial_branches": 1,
        "covered_branches": 3,
        "missing_branches": 1
      },
      "missing_lines": [
        44
      ],
      "excluded_lines": []
    }
  },
  "totals": {
    "covered_lines": 30,
    "num_statements": 36,
    "percent_covered": 73.91304347826087,
    "percent_covered_display": "74",
    "missing_lines": 6,
    "excluded_lines": 0,
    "num_branches": 10,
    "num_partial_branches": 2,
    "covered_branches": 4,
    "missing_branches": 6
  }
}